[04:57:37] [ServerMain/INFO]: Environment: Environment[sessionHost=https://sessionserver.mojang.com, servicesHost=https://api.minecraftservices.com, name=PROD]
[04:57:39] [ServerMain/INFO]: Loaded 1337 recipes
[04:57:39] [ServerMain/INFO]: Loaded 1448 advancements
[04:57:40] [Server thread/INFO]: Starting minecraft server version 1.21.3
[04:57:40] [Server thread/INFO]: Loading properties
[04:57:40] [Server thread/INFO]: Default game type: SURVIVAL
[04:57:40] [Server thread/INFO]: Generating keypair
[04:57:40] [Server thread/INFO]: Starting Minecraft server on *:25565
[04:57:40] [Server thread/INFO]: Using default channel type
[04:57:40] [Server thread/WARN]: **** SERVER IS RUNNING IN OFFLINE/INSECURE MODE!
[04:57:40] [Server thread/WARN]: The server will make no attempt to authenticate usernames. Beware.
[04:57:40] [Server thread/WARN]: While this makes the game possible to play without internet access, it also opens up the ability for hackers to connect with any username they choose.
[04:57:40] [Server thread/WARN]: To change this, set "online-mode" to "true" in the server.properties file.
[04:57:40] [Server thread/INFO]: Preparing level "world"
[04:57:40] [Server thread/INFO]: Preparing start region for dimension minecraft:overworld
[04:57:41] [Worker-Main-7/INFO]: Preparing spawn area: 0%
[04:57:41] [Worker-Main-7/INFO]: Preparing spawn area: 0%
[04:57:41] [Worker-Main-7/INFO]: Preparing spawn area: 0%
[04:57:41] [Server thread/INFO]: Time elapsed: 1182 ms
[04:57:41] [Server thread/INFO]: Done (1.494s)! For help, type "help"
[04:58:37] [Server thread/INFO]: RisaTheBest[/127.0.0.1:50749] logged in with entity id 29 at (0.5, 121.0, 8.5)
[04:58:37] [Server thread/INFO]: RisaTheBest joined the game
[04:58:45] [Server thread/INFO]: RisaTheBest lost connection: Disconnected
[04:58:45] [Server thread/INFO]: RisaTheBest left the game
